<?xml version="1.0" encoding="UTF-8"?>
<!-- Generated by org.testng.reporters.JUnitReportReporter -->
<testsuite hostname="DESKTOP-BPQ80UG" name="com.hccs.core.Browser" tests="1" failures="0" timestamp="10 May 2022 14:44:39 GMT" time="4.591" errors="0">
  <testcase name="launchBrowser" time="4.591" classname="com.hccs.core.Browser"/>
</testsuite> <!-- com.hccs.core.Browser -->
